<?xml version="1.0" encoding="UTF-8"?>
<!-- Generated by org.testng.reporters.JUnitReportReporter -->
<testsuite name="testcases.TC_002" tests="1" time="1.856" ignored="0" failures="0" timestamp="15 Jun 2017 15:17:59 GMT" skipped="0" hostname="Onur-MacBook-Pro.local" errors="0">
  <testcase name="testCase1" time="1.856" classname="testcases.TC_002"/>
</testsuite> <!-- testcases.TC_002 -->
