<?xml version="1.0" encoding="UTF-8"?>
<!-- Generated by org.testng.reporters.JUnitReportReporter -->
<testsuite name="testcases.TC_001" tests="1" time="2.150" ignored="0" failures="0" timestamp="14 Jun 2017 11:02:44 GMT" skipped="0" hostname="Onur-MacBook-Pro.local" errors="0">
  <testcase name="testCase1" time="2.150" classname="testcases.TC_001"/>
</testsuite> <!-- testcases.TC_001 -->
